#-----------------------------------------------------------
# xsim v2024.1 (64-bit)
# SW Build 5076996 on Wed May 22 18:36:09 MDT 2024
# IP Build 5075265 on Wed May 22 21:45:21 MDT 2024
# SharedData Build 5076995 on Wed May 22 18:29:18 MDT 2024
# Start of session at: Thu Jan 15 14:32:27 2026
# Process ID: 2504
# Current directory: /home/sportsman/coding/systemverilog/uTPU/build/sim
# Command line: xsim -mode tcl -source {xsim.dir/work.pe_array_tb2/xsim_script.tcl}
# Log file: /home/sportsman/coding/systemverilog/uTPU/build/sim/xsim.log
# Journal file: /home/sportsman/coding/systemverilog/uTPU/build/sim/xsim.jou
# Running On        :arch
# Platform          :unknown
# Operating System  :unknown
# Processor Detail  :13th Gen Intel(R) Core(TM) i7-13700H
# CPU Frequency     :737.838 MHz
# CPU Physical cores:14
# CPU Logical cores :20
# Host memory       :33300 MB
# Swap memory       :17179 MB
# Total Virtual     :50480 MB
# Available Virtual :48756 MB
#-----------------------------------------------------------
source xsim.dir/work.pe_array_tb2/xsim_script.tcl
# xsim {work.pe_array_tb2} -autoloadwcfg -runall
Time resolution is 1 ps
run -all

[15000] after init (still in reset)  rst=1 load_en=0 compute=0
  ins:        0 0 
  weights_in: 0 0 0 0 
  weights loaded (PE local regs):
  weights[0]: 0 0
  weights[1]: 0 0
  activations bus (cols 0..2):
    a_row[0]: 0 0 0 
    a_row[1]: 0 0 0 
  accumulators:
    acc[0]: 0 0 
    acc[1]: 0 0 
  results:    0 0 

[25000] after weight injected weights  rst=0 load_en=1 compute=0
  ins:        0 0 
  weights_in: 5 6 7 1 
  weights loaded (PE local regs):
  weights[0]: 5 6
  weights[1]: 7 1
  activations bus (cols 0..2):
    a_row[0]: 0 0 0 
    a_row[1]: 0 0 0 
  accumulators:
    acc[0]: 0 0 
    acc[1]: 0 0 
  results:    0 0 

[35000] after weight settle  rst=0 load_en=1 compute=0
  ins:        0 0 
  weights_in: 5 6 7 1 
  weights loaded (PE local regs):
  weights[0]: 5 6
  weights[1]: 7 1
  activations bus (cols 0..2):
    a_row[0]: 0 0 0 
    a_row[1]: 0 0 0 
  accumulators:
    acc[0]: 0 0 
    acc[1]: 0 0 
  results:    0 0 

[45000] after inject k=0  rst=0 load_en=0 compute=1
  ins:        1 0 
  weights_in: 0 0 0 0 
  weights loaded (PE local regs):
  weights[0]: 5 6
  weights[1]: 7 1
  activations bus (cols 0..2):
    a_row[0]: 1 0 0 
    a_row[1]: 0 0 0 
  accumulators:
    acc[0]: 0 0 
    acc[1]: 0 0 
  results:    0 0 

[55000] after inject k=1  rst=0 load_en=0 compute=1
  ins:        3 2 
  weights_in: 0 0 0 0 
  weights loaded (PE local regs):
  weights[0]: 5 6
  weights[1]: 7 1
  activations bus (cols 0..2):
    a_row[0]: 3 1 0 
    a_row[1]: 2 0 0 
  accumulators:
    acc[0]: 5 0 
    acc[1]: 0 0 
  results:    0 0 

[65000] after inject k=2  rst=0 load_en=0 compute=1
  ins:        0 4 
  weights_in: 0 0 0 0 
  weights loaded (PE local regs):
  weights[0]: 5 6
  weights[1]: 7 1
  activations bus (cols 0..2):
    a_row[0]: 0 3 1 
    a_row[1]: 4 2 0 
  accumulators:
    acc[0]: 15 6 
    acc[1]: 19 0 
  results:    19 0 

[75000] drain  rst=0 load_en=0 compute=1
  ins:        0 0 
  weights_in: 0 0 0 0 
  weights loaded (PE local regs):
  weights[0]: 5 6
  weights[1]: 7 1
  activations bus (cols 0..2):
    a_row[0]: 0 0 3 
    a_row[1]: 0 4 2 
  accumulators:
    acc[0]: 0 18 
    acc[1]: 43 8 
  results:    43 8 

[85000] drain  rst=0 load_en=0 compute=1
  ins:        0 0 
  weights_in: 0 0 0 0 
  weights loaded (PE local regs):
  weights[0]: 5 6
  weights[1]: 7 1
  activations bus (cols 0..2):
    a_row[0]: 0 0 0 
    a_row[1]: 0 0 4 
  accumulators:
    acc[0]: 0 0 
    acc[1]: 0 22 
  results:    0 22 

[95000] drain  rst=0 load_en=0 compute=1
  ins:        0 0 
  weights_in: 0 0 0 0 
  weights loaded (PE local regs):
  weights[0]: 5 6
  weights[1]: 7 1
  activations bus (cols 0..2):
    a_row[0]: 0 0 0 
    a_row[1]: 0 0 0 
  accumulators:
    acc[0]: 0 0 
    acc[1]: 0 0 
  results:    0 0 

[105000] drain  rst=0 load_en=0 compute=1
  ins:        0 0 
  weights_in: 0 0 0 0 
  weights loaded (PE local regs):
  weights[0]: 5 6
  weights[1]: 7 1
  activations bus (cols 0..2):
    a_row[0]: 0 0 0 
    a_row[1]: 0 0 0 
  accumulators:
    acc[0]: 0 0 
    acc[1]: 0 0 
  results:    0 0 

[105000] done  rst=0 load_en=0 compute=0
  ins:        0 0 
  weights_in: 0 0 0 0 
  weights loaded (PE local regs):
  weights[0]: 5 6
  weights[1]: 7 1
  activations bus (cols 0..2):
    a_row[0]: 0 0 0 
    a_row[1]: 0 0 0 
  accumulators:
    acc[0]: 0 0 
    acc[1]: 0 0 
  results:    0 0 
$finish called at time : 105 ns : File "/home/sportsman/coding/systemverilog/uTPU/sim/PEArray/pe_array_tb2.sv" Line 141
exit
INFO: [Common 17-206] Exiting xsim at Thu Jan 15 14:32:30 2026...
