#-----------------------------------------------------------
# xsim v2024.1 (64-bit)
# SW Build 5076996 on Wed May 22 18:36:09 MDT 2024
# IP Build 5075265 on Wed May 22 21:45:21 MDT 2024
# SharedData Build 5076995 on Wed May 22 18:29:18 MDT 2024
# Start of session at: Wed Jan 14 18:48:13 2026
# Process ID: 2468
# Current directory: /home/sportsman/coding/systemverilog/uTPU/build/sim
# Command line: xsim -mode tcl -source {xsim.dir/work.pe_array_tb2/xsim_script.tcl}
# Log file: /home/sportsman/coding/systemverilog/uTPU/build/sim/xsim.log
# Journal file: /home/sportsman/coding/systemverilog/uTPU/build/sim/xsim.jou
# Running On        :arch
# Platform          :unknown
# Operating System  :unknown
# Processor Detail  :13th Gen Intel(R) Core(TM) i7-13700H
# CPU Frequency     :661.885 MHz
# CPU Physical cores:14
# CPU Logical cores :20
# Host memory       :33300 MB
# Swap memory       :17179 MB
# Total Virtual     :50480 MB
# Available Virtual :48423 MB
#-----------------------------------------------------------
source xsim.dir/work.pe_array_tb2/xsim_script.tcl
# xsim {work.pe_array_tb2} -autoloadwcfg -runall
Time resolution is 1 ps
run -all

[15000] after init (still in reset)  rst=1 load_en=0 compute=0
  ins:        0 0 
  weights_in: 0 0 0 0 
  weights loaded (PE local regs):
  weights[0]: 0 0
  weights[1]: 0 0
  activations bus (cols 0..2):
    a_row[0]: 0 0 0 
    a_row[1]: 0 0 0 
  accumulators:
    acc[0]: 0 0 
    acc[1]: 0 0 
  results:    0 0 

[25000] after weight injected weights  rst=0 load_en=1 compute=0
  ins:        0 0 
  weights_in: 5 6 7 1 
  weights loaded (PE local regs):
  weights[0]: 5 6
  weights[1]: 7 1
  activations bus (cols 0..2):
    a_row[0]: 0 0 0 
    a_row[1]: 0 0 0 
  accumulators:
    acc[0]: 0 0 
    acc[1]: 0 0 
  results:    0 0 

[35000] after weight settle  rst=0 load_en=1 compute=0
  ins:        0 0 
  weights_in: 5 6 7 1 
  weights loaded (PE local regs):
  weights[0]: 5 6
  weights[1]: 7 1
  activations bus (cols 0..2):
    a_row[0]: 0 0 0 
    a_row[1]: 0 0 0 
  accumulators:
    acc[0]: 0 0 
    acc[1]: 0 0 
  results:    0 0 

[45000] after inject k=0  rst=0 load_en=0 compute=1
  ins:        1 0 
  weights_in: 0 0 0 0 
  weights loaded (PE local regs):
  weights[0]: 5 6
  weights[1]: 7 1
  activations bus (cols 0..2):
    a_row[0]: 1 0 0 
    a_row[1]: 0 0 0 
  accumulators:
    acc[0]: 0 0 
    acc[1]: 0 0 
  results:    0 0 

[55000] after inject k=1  rst=0 load_en=0 compute=1
  ins:        2 3 
  weights_in: 0 0 0 0 
  weights loaded (PE local regs):
  weights[0]: 5 6
  weights[1]: 7 1
  activations bus (cols 0..2):
    a_row[0]: 2 1 0 
    a_row[1]: 3 0 0 
  accumulators:
    acc[0]: 5 0 
    acc[1]: 0 0 
  results:    0 0 

[65000] drain  rst=0 load_en=0 compute=1
  ins:        0 0 
  weights_in: 0 0 0 0 
  weights loaded (PE local regs):
  weights[0]: 5 6
  weights[1]: 7 1
  activations bus (cols 0..2):
    a_row[0]: 0 2 1 
    a_row[1]: 0 3 0 
  accumulators:
    acc[0]: 10 6 
    acc[1]: 26 0 
  results:    26 0 

[75000] drain  rst=0 load_en=0 compute=1
  ins:        0 0 
  weights_in: 0 0 0 0 
  weights loaded (PE local regs):
  weights[0]: 5 6
  weights[1]: 7 1
  activations bus (cols 0..2):
    a_row[0]: 0 0 2 
    a_row[1]: 0 0 3 
  accumulators:
    acc[0]: 0 12 
    acc[1]: 10 9 
  results:    10 9 

[85000] drain  rst=0 load_en=0 compute=1
  ins:        0 0 
  weights_in: 0 0 0 0 
  weights loaded (PE local regs):
  weights[0]: 5 6
  weights[1]: 7 1
  activations bus (cols 0..2):
    a_row[0]: 0 0 0 
    a_row[1]: 0 0 0 
  accumulators:
    acc[0]: 0 0 
    acc[1]: 0 12 
  results:    0 12 

[95000] drain  rst=0 load_en=0 compute=1
  ins:        0 0 
  weights_in: 0 0 0 0 
  weights loaded (PE local regs):
  weights[0]: 5 6
  weights[1]: 7 1
  activations bus (cols 0..2):
    a_row[0]: 0 0 0 
    a_row[1]: 0 0 0 
  accumulators:
    acc[0]: 0 0 
    acc[1]: 0 0 
  results:    0 0 

[95000] done  rst=0 load_en=0 compute=0
  ins:        0 0 
  weights_in: 0 0 0 0 
  weights loaded (PE local regs):
  weights[0]: 5 6
  weights[1]: 7 1
  activations bus (cols 0..2):
    a_row[0]: 0 0 0 
    a_row[1]: 0 0 0 
  accumulators:
    acc[0]: 0 0 
    acc[1]: 0 0 
  results:    0 0 
$finish called at time : 95 ns : File "/home/sportsman/coding/systemverilog/uTPU/sim/PEArray/pe_array_tb2.sv" Line 139
exit
INFO: [Common 17-206] Exiting xsim at Wed Jan 14 18:48:15 2026...
